[darrenjames2223.wixsite.com/harry-potter-xii2/index.html]
[static.parastorage.com/unpkg/core-js-bundle@3.2.1/minified.js]
[static.parastorage.com/unpkg/focus-within-polyfill@5.0.9/dist/focus-within-polyfill.js]
[polyfill-fastly.io/v3/polyfill.mind82c.js]
[darrenjames2223.wixsite.com/harry-potter-xii2/s.3.delayed]
[darrenjames2223.wixsite.com/harry-potter-xii2/t.4.delayed]
[backblue.gif]
[fade.gif]
[index.html]
[darrenjames2223.wixsite.com/harry-potter-xii2/copy-of-home.html]
[darrenjames2223.wixsite.com/harry-potter-xii2/copy-of-cast.html]
[darrenjames2223.wixsite.com/harry-potter-xii2/copy-of-synopsis.html]
[static.wixstatic.com/media/2feeec_e502eb131cfd4b9cb2761ff76cecc54ff000.jpg/v1/fill/w_147,h_61,al_c,q_80,usm_0.66_1.00_0.01,blur_2,enc_avif,quality_auto/2feeec_e502eb131cfd4b9cb2761ff76cecc54ff000.jpg]
[darrenjames2223.wixsite.com/harry-potter-xii2/copy-of-synopsis-1.html]
[static.wixstatic.com/media/7817a7_1dbfd4a6b08f4ffdad352c192433909d_mv2.jpg/v1/fill/w_147,h_110,al_c,q_80,usm_0.66_1.00_0.01,blur_2,enc_avif,quality_auto/7817a7_1dbfd4a6b08f4ffdad352c192433909d_mv2.jpg]
[static.wixstatic.com/media/7817a7_6729818ce01b49139beecfcd719c1672_mv2.png/v1/fill/w_600,h_201,al_c,q_85,usm_0.66_1.00_0.01,enc_avif,quality_auto/logo hp.png]
[static.parastorage.com/services/wix-thunderbolt/dist/8875.4f0e86e1.bundle.min.js]
[browser.sentry-cdn.com/6.18.2/bundle.min.js]
[darrenjames2223.wixsite.com/harry-potter-xii2/robots.e.delayed]
[darrenjames2223.wixsite.com/harry-potter-xii2/sitemap.f.delayed]
[darrenjames2223.wixsite.com/harry-potter-xii2/feed.10.delayed]
[static.parastorage.com/services/wix-thunderbolt/dist/thunderbolt-commons.569be6c3.bundle.min.js]
[static.parastorage.com/services/wix-thunderbolt/dist/main.b0d83c2c.bundle.min.js]
[static.parastorage.com/services/wix-thunderbolt/dist/main.renderer.a20626f8.bundle.min.js]
[static.parastorage.com/unpkg/lodash@4.17.21/lodash.min.js]
[static.parastorage.com/unpkg/react@18.3.1/umd/react.production.min.js]
[static.parastorage.com/unpkg/react-dom@18.3.1/umd/react-dom.production.min.js]
[static.parastorage.com/services/wix-thunderbolt/dist/browser-deprecation.bundle.es5.js]
[darrenjames2223.wixsite.com/harry-potter-xii2/decodeURIComponent(e.18.delayed]
[static.parastorage.com/services/tag-manager-client/1.920.0/siteTags.bundle.min.js]
[darrenjames2223.wixsite.com/harry-potter-xii2/index.html]
[darrenjames2223.wixsite.com/harry-potter-xii2/s.html]
[darrenjames2223.wixsite.com/harry-potter-xii2/t.html]
[static.wixstatic.com/media/7817a7_6c65b4b0990f44d68fd18a36084ef6c1_mv2.png/v1/fill/w_49,h_28,al_c,q_85,usm_0.66_1.00_0.01,blur_2,enc_avif,quality_auto/7817a7_6c65b4b0990f44d68fd18a36084ef6c1_mv2.png]
[static.wixstatic.com/media/7817a7_6729818ce01b49139beecfcd719c1672_mv2.png/v1/fill/w_490,h_164,al_c,q_85,usm_0.66_1.00_0.01,enc_avif,quality_auto/logo hp.png]
[darrenjames2223.wixsite.com/harry-potter-xii2/copy-of-home.html]
[static.wixstatic.com/media/7817a7_e1517b2173ca4ed7b4b3c3913e013948_mv2.jpg/v1/fill/w_147,h_83,al_c,q_80,usm_0.66_1.00_0.01,blur_2,enc_avif,quality_auto/7817a7_e1517b2173ca4ed7b4b3c3913e013948_mv2.jpg]
[static.wixstatic.com/media/7817a7_15585a93c9f14ad99012bc0abcae65c8_mv2.png/v1/fill/w_773,h_374,al_c,q_85,usm_0.66_1.00_0.01,enc_avif,quality_auto/4789c7f4-6742-4e19-80eb-e6b4b4341fd5.png]
[darrenjames2223.wixsite.com/harry-potter-xii2/copy-of-cast.html]
[static.wixstatic.com/media/7817a7_d03324bae0c043728ce728ce3837ac05_mv2.jpg/v1/fill/w_147,h_83,al_c,q_80,usm_0.66_1.00_0.01,blur_2,enc_avif,quality_auto/7817a7_d03324bae0c043728ce728ce3837ac05_mv2.jpg]
[static.wixstatic.com/media/7817a7_d9b90746f5a741f2a1cec0f0b18259af_mv2.png/v1/fill/w_362,h_362,al_c,q_85,usm_0.66_1.00_0.01,enc_avif,quality_auto/7817a7_d9b90746f5a741f2a1cec0f0b18259af_mv2.png]
[static.wixstatic.com/media/7817a7_b522e6ae3abc4e4ba1872895c957325f_mv2.png/v1/crop/x_7,y_0,w_816,h_967/fill/w_220,h_261,al_c,q_85,usm_0.66_1.00_0.01,enc_av/7817a7_b522e6ae3abc4e4ba1872895c957325f_mv2.1f.delay]
[static.wixstatic.com/media/7817a7_b606eda608b5463aa170318f90df68a5_mv2.jpg/v1/crop/x_10,y_0,w_2182,h_2607/fill/w_220,h_263,al_c,q_80,usm_0.66_1.00_0.01,enc_avif,quality_auto/Greta.jpg]
[static.wixstatic.com/media/7817a7_05325e94f06c4c44af3e6f61c0d47201_mv2.png/v1/crop/x_0,y_2,w_368,h_451/fill/w_214,h_262,al_c,q_85,usm_0.66_1.00_0.01,enc_avif,quality_auto/Nicho.png]
[static.wixstatic.com/media/7817a7_8c4dd69af9af4b41b66b5ee9b5593ffc_mv2.png/v1/crop/x_0,y_154,w_1474,h_1756/fill/w_167,h_199,al_c,q_85,usm_0.66_1.00_0.01,enc_avif,quality_auto/Darren.png]
[static.wixstatic.com/media/7817a7_d9b90746f5a741f2a1cec0f0b18259af_mv2.png/v1/fill/w_276,h_277,al_c,q_85,usm_0.66_1.00_0.01,enc_avif,quality_auto/7817a7_d9b90746f5a741f2a1cec0f0b18259af_mv2.png]
[static.wixstatic.com/media/7817a7_15a8c851258d4d0f9aa055d12318f7bb_mv2.png/v1/crop/x_0,y_119,w_1108,h_1314/fill/w_167,h_199,al_c,q_85,usm_0.66_1.00_0.01,enc_avif,quality_auto/Latris.png]
[static.wixstatic.com/media/7817a7_69258dd8ec3b4ab98cdeb9ff57b5886b_mv2.png/v1/crop/x_0,y_232,w_2268,h_2711/fill/w_167,h_201,al_c,q_85,usm_0.66_1.00_0.01,enc_avif,quality_auto/Pamela.png]
[static.wixstatic.com/media/7817a7_2ef59ddce8344a638b79d8f11cd19b29_mv2.png/v1/crop/x_0,y_87,w_998,h_1222/fill/w_163,h_200,al_c,q_85,usm_0.66_1.00_0.01,enc_avif,quality_auto/Evan.png]
[darrenjames2223.wixsite.com/harry-potter-xii2/copy-of-synopsis.html]
[static.wixstatic.com/media/7817a7_e1517b2173ca4ed7b4b3c3913e013948_mv2.jpg/v1/fill/w_130,h_73,al_c,q_80,usm_0.66_1.00_0.01,blur_2,enc_avif,quality_auto/7817a7_e1517b2173ca4ed7b4b3c3913e013948_mv2.jpg]
[darrenjames2223.wixsite.com/harry-potter-xii2/copy-of-synopsis-1.html]
[darrenjames2223.wixsite.com/harry-potter-xii2/robots.html]
[darrenjames2223.wixsite.com/harry-potter-xii2/sitemap.html]
[darrenjames2223.wixsite.com/harry-potter-xii2/feed.html]
[darrenjames2223.wixsite.com/harry-potter-xii2/decodeURIComponent(e.html]
